<?xml version="1.0" encoding="UTF-8"?>
<!-- Generated by org.testng.reporters.JUnitXMLReporter -->
<testsuite ignored="0" hostname="Subrat-Laptop" failures="0" tests="3" name="Default test" time="15.778" errors="0" timestamp="2022-12-11T23:51:27 IST">
  <testcase classname="BloodBankAutomation.FirstPageTest" name="forgetPasswordTest" time="0.013"/>
  <testcase classname="BloodBankAutomation.FirstPageTest" name="loginTest" time="5.117"/>
  <testcase classname="BloodBankAutomation.FirstPageTest" name="registrationTest" time="0.003"/>
</testsuite> <!-- Default test -->
