<?xml version="1.0" encoding="UTF-8"?>
<testng-results ignored="0" total="3" passed="3" failed="0" skipped="0">
  <reporter-output>
  </reporter-output>
  <suite started-at="2022-12-11T23:51:11 IST" name="Default suite" finished-at="2022-12-11T23:51:27 IST" duration-ms="15778">
    <groups>
    </groups>
    <test started-at="2022-12-11T23:51:11 IST" name="Default test" finished-at="2022-12-11T23:51:27 IST" duration-ms="15778">
      <class name="BloodBankAutomation.FirstPageTest">
        <test-method is-config="true" signature="stratTest()[pri:0, instance:BloodBankAutomation.FirstPageTest@52af26ee]" started-at="2022-12-11T23:51:11 IST" name="stratTest" finished-at="2022-12-11T23:51:22 IST" duration-ms="10075" status="PASS">
          <reporter-output>
          </reporter-output>
        </test-method> <!-- stratTest -->
        <test-method signature="forgetPasswordTest()[pri:0, instance:BloodBankAutomation.FirstPageTest@52af26ee]" started-at="2022-12-11T23:51:22 IST" name="forgetPasswordTest" finished-at="2022-12-11T23:51:22 IST" duration-ms="13" status="PASS">
          <reporter-output>
          </reporter-output>
        </test-method> <!-- forgetPasswordTest -->
        <test-method signature="loginTest()[pri:0, instance:BloodBankAutomation.FirstPageTest@52af26ee]" started-at="2022-12-11T23:51:22 IST" name="loginTest" finished-at="2022-12-11T23:51:27 IST" duration-ms="5117" status="PASS">
          <reporter-output>
          </reporter-output>
        </test-method> <!-- loginTest -->
        <test-method signature="registrationTest()[pri:0, instance:BloodBankAutomation.FirstPageTest@52af26ee]" started-at="2022-12-11T23:51:27 IST" name="registrationTest" finished-at="2022-12-11T23:51:27 IST" duration-ms="3" status="PASS">
          <reporter-output>
          </reporter-output>
        </test-method> <!-- registrationTest -->
        <test-method is-config="true" signature="stopTest()[pri:0, instance:BloodBankAutomation.FirstPageTest@52af26ee]" started-at="2022-12-11T23:51:27 IST" name="stopTest" finished-at="2022-12-11T23:51:27 IST" duration-ms="513" status="PASS">
          <reporter-output>
          </reporter-output>
        </test-method> <!-- stopTest -->
      </class> <!-- BloodBankAutomation.FirstPageTest -->
    </test> <!-- Default test -->
  </suite> <!-- Default suite -->
</testng-results>
